<?xml version="1.0" encoding="UTF-8"?>
<!-- Generated by org.testng.reporters.JUnitReportReporter -->
<testsuite skipped="0" hostname="DESKTOP-QART3IK" name="academyapi.CreateJiraBug" tests="1" failures="0" timestamp="14 oct 2020 02:37:40 GMT" time="1.120" errors="0">
  <testcase name="createBug" time="1.120" classname="academyapi.CreateJiraBug"/>
</testsuite> <!-- academyapi.CreateJiraBug -->
