<?xml version="1.0" encoding="UTF-8"?>
<!-- Generated by org.testng.reporters.JUnitReportReporter -->
<testsuite skipped="0" hostname="DESKTOP-QART3IK" name="academyapi.CreateJiraBugMockapi" tests="1" failures="0" timestamp="14 oct 2020 02:37:41 GMT" time="2.532" errors="0">
  <testcase name="createBugMockapi" time="2.532" classname="academyapi.CreateJiraBugMockapi"/>
</testsuite> <!-- academyapi.CreateJiraBugMockapi -->
