<?xml version="1.0" encoding="UTF-8"?>
<!-- Generated by org.testng.reporters.JUnitReportReporter -->
<testsuite skipped="0" hostname="DESKTOP-QART3IK" name="academyapi.CreateJiraBug" tests="1" failures="0" timestamp="14 oct 2020 03:00:01 GMT" time="1.170" errors="0">
  <testcase name="createBug" time="1.170" classname="academyapi.CreateJiraBug"/>
</testsuite> <!-- academyapi.CreateJiraBug -->
