<?xml version="1.0" encoding="UTF-8"?>
<!-- Generated by org.testng.reporters.JUnitReportReporter -->
<testsuite skipped="0" hostname="DESKTOP-QART3IK" name="academyapi.VerifyJiraNumber" tests="1" failures="0" timestamp="14 oct 2020 02:37:41 GMT" time="2.182" errors="0">
  <testcase name="verifyJiraNumber" time="2.182" classname="academyapi.VerifyJiraNumber"/>
</testsuite> <!-- academyapi.VerifyJiraNumber -->
