<?xml version="1.0" encoding="UTF-8"?>
<!-- Generated by org.testng.reporters.JUnitReportReporter -->
<testsuite skipped="0" hostname="DESKTOP-QART3IK" name="academyapi.CreateUserTestNegativeTest" tests="1" failures="0" timestamp="14 oct 2020 01:39:20 GMT" time="1.598" errors="0">
  <testcase name="createUserTestNegativeTest" time="1.598" classname="academyapi.CreateUserTestNegativeTest"/>
</testsuite> <!-- academyapi.CreateUserTestNegativeTest -->
