<?xml version="1.0" encoding="UTF-8"?>
<!-- Generated by org.testng.reporters.JUnitReportReporter -->
<testsuite skipped="0" hostname="DESKTOP-QART3IK" name="academyapi.CreateUserTest" tests="1" failures="0" timestamp="14 oct 2020 02:37:40 GMT" time="2.321" errors="0">
  <testcase name="createUser" time="2.321" classname="academyapi.CreateUserTest"/>
</testsuite> <!-- academyapi.CreateUserTest -->
