<?xml version="1.0" encoding="UTF-8"?>
<!-- Generated by org.testng.reporters.JUnitReportReporter -->
<testsuite skipped="0" hostname="DESKTOP-QART3IK" name="academyapi.ResponseEmptyTest" tests="1" failures="0" timestamp="14 oct 2020 01:39:20 GMT" time="4.014" errors="0">
  <testcase name="responseEmpty" time="4.014" classname="academyapi.ResponseEmptyTest"/>
</testsuite> <!-- academyapi.ResponseEmptyTest -->
